The target system is: Android - 1 - i686
The host system is: Darwin - 17.7.0 - x86_64
Determining if the C compiler works passed with the following output:
Change Dir: /Users/qew/stable_app/android/app/.externalNativeBuild/cmake/release/x86/CMakeFiles/CMakeTmp

Run Build Command:"/Users/qew/Library/Android/sdk/cmake/3.10.2.4988404/bin/ninja" "cmTC_5ea3a"
[1/2] Building C object CMakeFiles/cmTC_5ea3a.dir/testCCompiler.c.o
[2/2] Linking C executable cmTC_5ea3a


Detecting C compiler ABI info compiled with the following output:
Change Dir: /Users/qew/stable_app/android/app/.externalNativeBuild/cmake/release/x86/CMakeFiles/CMakeTmp

Run Build Command:"/Users/qew/Library/Android/sdk/cmake/3.10.2.4988404/bin/ninja" "cmTC_6354e"
[1/2] Building C object CMakeFiles/cmTC_6354e.dir/CMakeCCompilerABI.c.o
[2/2] Linking C executable cmTC_6354e
Android (5058415 based on r339409) clang version 8.0.2 (https://android.googlesource.com/toolchain/clang 40173bab62ec746213857d083c0e8b0abb568790) (https://android.googlesource.com/toolchain/llvm 7a6618d69e7e8111e1d49dc9e7813767c5ca756a) (based on LLVM 8.0.2svn)
Target: i686-none-linux-android17
Thread model: posix
InstalledDir: /Users/qew/Library/Android/sdk/ndk-bundle/toolchains/llvm/prebuilt/darwin-x86_64/bin
Found candidate GCC installation: /Users/qew/Library/Android/sdk/ndk-bundle/toolchains/llvm/prebuilt/darwin-x86_64/lib/gcc/i686-linux-android/4.9.x
Found candidate GCC installation: /Users/qew/Library/Android/sdk/ndk-bundle/toolchains/llvm/prebuilt/darwin-x86_64/lib/gcc/x86_64-linux-android/4.9.x
Selected GCC installation: /Users/qew/Library/Android/sdk/ndk-bundle/toolchains/llvm/prebuilt/darwin-x86_64/lib/gcc/i686-linux-android/4.9.x
Candidate multilib: .;@m32
Selected multilib: .;@m32
 "/Users/qew/Library/Android/sdk/ndk-bundle/toolchains/llvm/prebuilt/darwin-x86_64/lib/gcc/i686-linux-android/4.9.x/../../../../i686-linux-android/bin/ld" --sysroot=/Users/qew/Library/Android/sdk/ndk-bundle/toolchains/llvm/prebuilt/darwin-x86_64/sysroot -pie --enable-new-dtags --eh-frame-hdr -m elf_i386 -dynamic-linker /system/bin/linker -o cmTC_6354e /Users/qew/Library/Android/sdk/ndk-bundle/toolchains/llvm/prebuilt/darwin-x86_64/sysroot/usr/lib/i686-linux-android/17/crtbegin_dynamic.o -L/Users/qew/Library/Android/sdk/ndk-bundle/toolchains/llvm/prebuilt/darwin-x86_64/lib64/clang/8.0.2/lib/linux/i386 -L/Users/qew/Library/Android/sdk/ndk-bundle/toolchains/llvm/prebuilt/darwin-x86_64/lib/gcc/i686-linux-android/4.9.x -L/Users/qew/Library/Android/sdk/ndk-bundle/toolchains/llvm/prebuilt/darwin-x86_64/sysroot/usr/lib/i686-linux-android/17 -L/Users/qew/Library/Android/sdk/ndk-bundle/toolchains/llvm/prebuilt/darwin-x86_64/sysroot/usr/lib/i686-linux-android -L/Users/qew/Library/Android/sdk/ndk-bundle/toolchains/llvm/prebuilt/darwin-x86_64/lib/gcc/i686-linux-android/4.9.x/../../../../i686-linux-android/lib -L/Users/qew/Library/Android/sdk/ndk-bundle/toolchains/llvm/prebuilt/darwin-x86_64/sysroot/usr/lib --exclude-libs libgcc.a --exclude-libs libatomic.a --build-id --warn-shared-textrel --fatal-warnings --no-undefined -z noexecstack -z relro -z now --gc-sections CMakeFiles/cmTC_6354e.dir/CMakeCCompilerABI.c.o -lgcc -ldl -lc -lgcc -ldl /Users/qew/Library/Android/sdk/ndk-bundle/toolchains/llvm/prebuilt/darwin-x86_64/sysroot/usr/lib/i686-linux-android/17/crtend_android.o


Parsed C implicit link information from above output:
  link line regex: [^( *|.*[/\])(i686-linux-android-ld|CMAKE_LINK_STARTFILE-NOTFOUND|([^/\]+-)?ld|collect2)[^/\]*( |$)]
  ignore line: [Change Dir: /Users/qew/stable_app/android/app/.externalNativeBuild/cmake/release/x86/CMakeFiles/CMakeTmp]
  ignore line: []
  ignore line: [Run Build Command:"/Users/qew/Library/Android/sdk/cmake/3.10.2.4988404/bin/ninja" "cmTC_6354e"]
  ignore line: [[1/2] Building C object CMakeFiles/cmTC_6354e.dir/CMakeCCompilerABI.c.o]
  ignore line: [[2/2] Linking C executable cmTC_6354e]
  ignore line: [Android (5058415 based on r339409) clang version 8.0.2 (https://android.googlesource.com/toolchain/clang 40173bab62ec746213857d083c0e8b0abb568790) (https://android.googlesource.com/toolchain/llvm 7a6618d69e7e8111e1d49dc9e7813767c5ca756a) (based on LLVM 8.0.2svn)]
  ignore line: [Target: i686-none-linux-android17]
  ignore line: [Thread model: posix]
  ignore line: [InstalledDir: /Users/qew/Library/Android/sdk/ndk-bundle/toolchains/llvm/prebuilt/darwin-x86_64/bin]
  ignore line: [Found candidate GCC installation: /Users/qew/Library/Android/sdk/ndk-bundle/toolchains/llvm/prebuilt/darwin-x86_64/lib/gcc/i686-linux-android/4.9.x]
  ignore line: [Found candidate GCC installation: /Users/qew/Library/Android/sdk/ndk-bundle/toolchains/llvm/prebuilt/darwin-x86_64/lib/gcc/x86_64-linux-android/4.9.x]
  ignore line: [Selected GCC installation: /Users/qew/Library/Android/sdk/ndk-bundle/toolchains/llvm/prebuilt/darwin-x86_64/lib/gcc/i686-linux-android/4.9.x]
  ignore line: [Candidate multilib: .]
  ignore line: [@m32]
  ignore line: [Selected multilib: .]
  ignore line: [@m32]
  link line: [ "/Users/qew/Library/Android/sdk/ndk-bundle/toolchains/llvm/prebuilt/darwin-x86_64/lib/gcc/i686-linux-android/4.9.x/../../../../i686-linux-android/bin/ld" --sysroot=/Users/qew/Library/Android/sdk/ndk-bundle/toolchains/llvm/prebuilt/darwin-x86_64/sysroot -pie --enable-new-dtags --eh-frame-hdr -m elf_i386 -dynamic-linker /system/bin/linker -o cmTC_6354e /Users/qew/Library/Android/sdk/ndk-bundle/toolchains/llvm/prebuilt/darwin-x86_64/sysroot/usr/lib/i686-linux-android/17/crtbegin_dynamic.o -L/Users/qew/Library/Android/sdk/ndk-bundle/toolchains/llvm/prebuilt/darwin-x86_64/lib64/clang/8.0.2/lib/linux/i386 -L/Users/qew/Library/Android/sdk/ndk-bundle/toolchains/llvm/prebuilt/darwin-x86_64/lib/gcc/i686-linux-android/4.9.x -L/Users/qew/Library/Android/sdk/ndk-bundle/toolchains/llvm/prebuilt/darwin-x86_64/sysroot/usr/lib/i686-linux-android/17 -L/Users/qew/Library/Android/sdk/ndk-bundle/toolchains/llvm/prebuilt/darwin-x86_64/sysroot/usr/lib/i686-linux-android -L/Users/qew/Library/Android/sdk/ndk-bundle/toolchains/llvm/prebuilt/darwin-x86_64/lib/gcc/i686-linux-android/4.9.x/../../../../i686-linux-android/lib -L/Users/qew/Library/Android/sdk/ndk-bundle/toolchains/llvm/prebuilt/darwin-x86_64/sysroot/usr/lib --exclude-libs libgcc.a --exclude-libs libatomic.a --build-id --warn-shared-textrel --fatal-warnings --no-undefined -z noexecstack -z relro -z now --gc-sections CMakeFiles/cmTC_6354e.dir/CMakeCCompilerABI.c.o -lgcc -ldl -lc -lgcc -ldl /Users/qew/Library/Android/sdk/ndk-bundle/toolchains/llvm/prebuilt/darwin-x86_64/sysroot/usr/lib/i686-linux-android/17/crtend_android.o]
    arg [/Users/qew/Library/Android/sdk/ndk-bundle/toolchains/llvm/prebuilt/darwin-x86_64/lib/gcc/i686-linux-android/4.9.x/../../../../i686-linux-android/bin/ld] ==> ignore
    arg [--sysroot=/Users/qew/Library/Android/sdk/ndk-bundle/toolchains/llvm/prebuilt/darwin-x86_64/sysroot] ==> ignore
    arg [-pie] ==> ignore
    arg [--enable-new-dtags] ==> ignore
    arg [--eh-frame-hdr] ==> ignore
    arg [-m] ==> ignore
    arg [elf_i386] ==> ignore
    arg [-dynamic-linker] ==> ignore
    arg [/system/bin/linker] ==> ignore
    arg [-o] ==> ignore
    arg [cmTC_6354e] ==> ignore
    arg [/Users/qew/Library/Android/sdk/ndk-bundle/toolchains/llvm/prebuilt/darwin-x86_64/sysroot/usr/lib/i686-linux-android/17/crtbegin_dynamic.o] ==> ignore
    arg [-L/Users/qew/Library/Android/sdk/ndk-bundle/toolchains/llvm/prebuilt/darwin-x86_64/lib64/clang/8.0.2/lib/linux/i386] ==> dir [/Users/qew/Library/Android/sdk/ndk-bundle/toolchains/llvm/prebuilt/darwin-x86_64/lib64/clang/8.0.2/lib/linux/i386]
    arg [-L/Users/qew/Library/Android/sdk/ndk-bundle/toolchains/llvm/prebuilt/darwin-x86_64/lib/gcc/i686-linux-android/4.9.x] ==> dir [/Users/qew/Library/Android/sdk/ndk-bundle/toolchains/llvm/prebuilt/darwin-x86_64/lib/gcc/i686-linux-android/4.9.x]
    arg [-L/Users/qew/Library/Android/sdk/ndk-bundle/toolchains/llvm/prebuilt/darwin-x86_64/sysroot/usr/lib/i686-linux-android/17] ==> dir [/Users/qew/Library/Android/sdk/ndk-bundle/toolchains/llvm/prebuilt/darwin-x86_64/sysroot/usr/lib/i686-linux-android/17]
    arg [-L/Users/qew/Library/Android/sdk/ndk-bundle/toolchains/llvm/prebuilt/darwin-x86_64/sysroot/usr/lib/i686-linux-android] ==> dir [/Users/qew/Library/Android/sdk/ndk-bundle/toolchains/llvm/prebuilt/darwin-x86_64/sysroot/usr/lib/i686-linux-android]
    arg [-L/Users/qew/Library/Android/sdk/ndk-bundle/toolchains/llvm/prebuilt/darwin-x86_64/lib/gcc/i686-linux-android/4.9.x/../../../../i686-linux-android/lib] ==> dir [/Users/qew/Library/Android/sdk/ndk-bundle/toolchains/llvm/prebuilt/darwin-x86_64/lib/gcc/i686-linux-android/4.9.x/../../../../i686-linux-android/lib]
    arg [-L/Users/qew/Library/Android/sdk/ndk-bundle/toolchains/llvm/prebuilt/darwin-x86_64/sysroot/usr/lib] ==> dir [/Users/qew/Library/Android/sdk/ndk-bundle/toolchains/llvm/prebuilt/darwin-x86_64/sysroot/usr/lib]
    arg [--exclude-libs] ==> ignore
    arg [libgcc.a] ==> ignore
    arg [--exclude-libs] ==> ignore
    arg [libatomic.a] ==> ignore
    arg [--build-id] ==> ignore
    arg [--warn-shared-textrel] ==> ignore
    arg [--fatal-warnings] ==> ignore
    arg [--no-undefined] ==> ignore
    arg [-znoexecstack] ==> ignore
    arg [-zrelro] ==> ignore
    arg [-znow] ==> ignore
    arg [--gc-sections] ==> ignore
    arg [CMakeFiles/cmTC_6354e.dir/CMakeCCompilerABI.c.o] ==> ignore
    arg [-lgcc] ==> lib [gcc]
    arg [-ldl] ==> lib [dl]
    arg [-lc] ==> lib [c]
    arg [-lgcc] ==> lib [gcc]
    arg [-ldl] ==> lib [dl]
    arg [/Users/qew/Library/Android/sdk/ndk-bundle/toolchains/llvm/prebuilt/darwin-x86_64/sysroot/usr/lib/i686-linux-android/17/crtend_android.o] ==> ignore
  collapse library dir [/Users/qew/Library/Android/sdk/ndk-bundle/toolchains/llvm/prebuilt/darwin-x86_64/lib64/clang/8.0.2/lib/linux/i386] ==> [/Users/qew/Library/Android/sdk/ndk-bundle/toolchains/llvm/prebuilt/darwin-x86_64/lib64/clang/8.0.2/lib/linux/i386]
  collapse library dir [/Users/qew/Library/Android/sdk/ndk-bundle/toolchains/llvm/prebuilt/darwin-x86_64/lib/gcc/i686-linux-android/4.9.x] ==> [/Users/qew/Library/Android/sdk/ndk-bundle/toolchains/llvm/prebuilt/darwin-x86_64/lib/gcc/i686-linux-android/4.9.x]
  collapse library dir [/Users/qew/Library/Android/sdk/ndk-bundle/toolchains/llvm/prebuilt/darwin-x86_64/sysroot/usr/lib/i686-linux-android/17] ==> [/Users/qew/Library/Android/sdk/ndk-bundle/toolchains/llvm/prebuilt/darwin-x86_64/sysroot/usr/lib/i686-linux-android/17]
  collapse library dir [/Users/qew/Library/Android/sdk/ndk-bundle/toolchains/llvm/prebuilt/darwin-x86_64/sysroot/usr/lib/i686-linux-android] ==> [/Users/qew/Library/Android/sdk/ndk-bundle/toolchains/llvm/prebuilt/darwin-x86_64/sysroot/usr/lib/i686-linux-android]
  collapse library dir [/Users/qew/Library/Android/sdk/ndk-bundle/toolchains/llvm/prebuilt/darwin-x86_64/lib/gcc/i686-linux-android/4.9.x/../../../../i686-linux-android/lib] ==> [/Users/qew/Library/Android/sdk/ndk-bundle/toolchains/llvm/prebuilt/darwin-x86_64/i686-linux-android/lib]
  collapse library dir [/Users/qew/Library/Android/sdk/ndk-bundle/toolchains/llvm/prebuilt/darwin-x86_64/sysroot/usr/lib] ==> [/Users/qew/Library/Android/sdk/ndk-bundle/toolchains/llvm/prebuilt/darwin-x86_64/sysroot/usr/lib]
  implicit libs: [gcc;dl;c;gcc;dl]
  implicit dirs: [/Users/qew/Library/Android/sdk/ndk-bundle/toolchains/llvm/prebuilt/darwin-x86_64/lib64/clang/8.0.2/lib/linux/i386;/Users/qew/Library/Android/sdk/ndk-bundle/toolchains/llvm/prebuilt/darwin-x86_64/lib/gcc/i686-linux-android/4.9.x;/Users/qew/Library/Android/sdk/ndk-bundle/toolchains/llvm/prebuilt/darwin-x86_64/sysroot/usr/lib/i686-linux-android/17;/Users/qew/Library/Android/sdk/ndk-bundle/toolchains/llvm/prebuilt/darwin-x86_64/sysroot/usr/lib/i686-linux-android;/Users/qew/Library/Android/sdk/ndk-bundle/toolchains/llvm/prebuilt/darwin-x86_64/i686-linux-android/lib;/Users/qew/Library/Android/sdk/ndk-bundle/toolchains/llvm/prebuilt/darwin-x86_64/sysroot/usr/lib]
  implicit fwks: []




Detecting C [-std=c11] compiler features compiled with the following output:
Change Dir: /Users/qew/stable_app/android/app/.externalNativeBuild/cmake/release/x86/CMakeFiles/CMakeTmp

Run Build Command:"/Users/qew/Library/Android/sdk/cmake/3.10.2.4988404/bin/ninja" "cmTC_cde31"
[1/2] Building C object CMakeFiles/cmTC_cde31.dir/feature_tests.c.o
[2/2] Linking C executable cmTC_cde31


    Feature record: C_FEATURE:1c_function_prototypes
    Feature record: C_FEATURE:1c_restrict
    Feature record: C_FEATURE:1c_static_assert
    Feature record: C_FEATURE:1c_variadic_macros


Detecting C [-std=c99] compiler features compiled with the following output:
Change Dir: /Users/qew/stable_app/android/app/.externalNativeBuild/cmake/release/x86/CMakeFiles/CMakeTmp

Run Build Command:"/Users/qew/Library/Android/sdk/cmake/3.10.2.4988404/bin/ninja" "cmTC_9c88a"
[1/2] Building C object CMakeFiles/cmTC_9c88a.dir/feature_tests.c.o
[2/2] Linking C executable cmTC_9c88a


    Feature record: C_FEATURE:1c_function_prototypes
    Feature record: C_FEATURE:1c_restrict
    Feature record: C_FEATURE:0c_static_assert
    Feature record: C_FEATURE:1c_variadic_macros


Detecting C [-std=c90] compiler features compiled with the following output:
Change Dir: /Users/qew/stable_app/android/app/.externalNativeBuild/cmake/release/x86/CMakeFiles/CMakeTmp

Run Build Command:"/Users/qew/Library/Android/sdk/cmake/3.10.2.4988404/bin/ninja" "cmTC_e3f63"
[1/2] Building C object CMakeFiles/cmTC_e3f63.dir/feature_tests.c.o
[2/2] Linking C executable cmTC_e3f63


    Feature record: C_FEATURE:1c_function_prototypes
    Feature record: C_FEATURE:0c_restrict
    Feature record: C_FEATURE:0c_static_assert
    Feature record: C_FEATURE:0c_variadic_macros
Determining if the CXX compiler works passed with the following output:
Change Dir: /Users/qew/stable_app/android/app/.externalNativeBuild/cmake/release/x86/CMakeFiles/CMakeTmp

Run Build Command:"/Users/qew/Library/Android/sdk/cmake/3.10.2.4988404/bin/ninja" "cmTC_263fe"
[1/2] Building CXX object CMakeFiles/cmTC_263fe.dir/testCXXCompiler.cxx.o
[2/2] Linking CXX executable cmTC_263fe


Detecting CXX compiler ABI info compiled with the following output:
Change Dir: /Users/qew/stable_app/android/app/.externalNativeBuild/cmake/release/x86/CMakeFiles/CMakeTmp

Run Build Command:"/Users/qew/Library/Android/sdk/cmake/3.10.2.4988404/bin/ninja" "cmTC_6708b"
[1/2] Building CXX object CMakeFiles/cmTC_6708b.dir/CMakeCXXCompilerABI.cpp.o
[2/2] Linking CXX executable cmTC_6708b
Android (5058415 based on r339409) clang version 8.0.2 (https://android.googlesource.com/toolchain/clang 40173bab62ec746213857d083c0e8b0abb568790) (https://android.googlesource.com/toolchain/llvm 7a6618d69e7e8111e1d49dc9e7813767c5ca756a) (based on LLVM 8.0.2svn)
Target: i686-none-linux-android17
Thread model: posix
InstalledDir: /Users/qew/Library/Android/sdk/ndk-bundle/toolchains/llvm/prebuilt/darwin-x86_64/bin
Found candidate GCC installation: /Users/qew/Library/Android/sdk/ndk-bundle/toolchains/llvm/prebuilt/darwin-x86_64/lib/gcc/i686-linux-android/4.9.x
Found candidate GCC installation: /Users/qew/Library/Android/sdk/ndk-bundle/toolchains/llvm/prebuilt/darwin-x86_64/lib/gcc/x86_64-linux-android/4.9.x
Selected GCC installation: /Users/qew/Library/Android/sdk/ndk-bundle/toolchains/llvm/prebuilt/darwin-x86_64/lib/gcc/i686-linux-android/4.9.x
Candidate multilib: .;@m32
Selected multilib: .;@m32
 "/Users/qew/Library/Android/sdk/ndk-bundle/toolchains/llvm/prebuilt/darwin-x86_64/lib/gcc/i686-linux-android/4.9.x/../../../../i686-linux-android/bin/ld" --sysroot=/Users/qew/Library/Android/sdk/ndk-bundle/toolchains/llvm/prebuilt/darwin-x86_64/sysroot -pie --enable-new-dtags --eh-frame-hdr -m elf_i386 -dynamic-linker /system/bin/linker -o cmTC_6708b /Users/qew/Library/Android/sdk/ndk-bundle/toolchains/llvm/prebuilt/darwin-x86_64/sysroot/usr/lib/i686-linux-android/17/crtbegin_dynamic.o -L/Users/qew/Library/Android/sdk/ndk-bundle/toolchains/llvm/prebuilt/darwin-x86_64/lib64/clang/8.0.2/lib/linux/i386 -L/Users/qew/Library/Android/sdk/ndk-bundle/toolchains/llvm/prebuilt/darwin-x86_64/lib/gcc/i686-linux-android/4.9.x -L/Users/qew/Library/Android/sdk/ndk-bundle/toolchains/llvm/prebuilt/darwin-x86_64/sysroot/usr/lib/i686-linux-android/17 -L/Users/qew/Library/Android/sdk/ndk-bundle/toolchains/llvm/prebuilt/darwin-x86_64/sysroot/usr/lib/i686-linux-android -L/Users/qew/Library/Android/sdk/ndk-bundle/toolchains/llvm/prebuilt/darwin-x86_64/lib/gcc/i686-linux-android/4.9.x/../../../../i686-linux-android/lib -L/Users/qew/Library/Android/sdk/ndk-bundle/toolchains/llvm/prebuilt/darwin-x86_64/sysroot/usr/lib --exclude-libs libgcc.a --exclude-libs libatomic.a --build-id --warn-shared-textrel --fatal-warnings --no-undefined -z noexecstack -z relro -z now --gc-sections CMakeFiles/cmTC_6708b.dir/CMakeCXXCompilerABI.cpp.o -Bstatic -lc++ -Bdynamic -lm -lgcc -lgcc -ldl -lc -lgcc -lgcc -ldl /Users/qew/Library/Android/sdk/ndk-bundle/toolchains/llvm/prebuilt/darwin-x86_64/sysroot/usr/lib/i686-linux-android/17/crtend_android.o


Parsed CXX implicit link information from above output:
  link line regex: [^( *|.*[/\])(i686-linux-android-ld|CMAKE_LINK_STARTFILE-NOTFOUND|([^/\]+-)?ld|collect2)[^/\]*( |$)]
  ignore line: [Change Dir: /Users/qew/stable_app/android/app/.externalNativeBuild/cmake/release/x86/CMakeFiles/CMakeTmp]
  ignore line: []
  ignore line: [Run Build Command:"/Users/qew/Library/Android/sdk/cmake/3.10.2.4988404/bin/ninja" "cmTC_6708b"]
  ignore line: [[1/2] Building CXX object CMakeFiles/cmTC_6708b.dir/CMakeCXXCompilerABI.cpp.o]
  ignore line: [[2/2] Linking CXX executable cmTC_6708b]
  ignore line: [Android (5058415 based on r339409) clang version 8.0.2 (https://android.googlesource.com/toolchain/clang 40173bab62ec746213857d083c0e8b0abb568790) (https://android.googlesource.com/toolchain/llvm 7a6618d69e7e8111e1d49dc9e7813767c5ca756a) (based on LLVM 8.0.2svn)]
  ignore line: [Target: i686-none-linux-android17]
  ignore line: [Thread model: posix]
  ignore line: [InstalledDir: /Users/qew/Library/Android/sdk/ndk-bundle/toolchains/llvm/prebuilt/darwin-x86_64/bin]
  ignore line: [Found candidate GCC installation: /Users/qew/Library/Android/sdk/ndk-bundle/toolchains/llvm/prebuilt/darwin-x86_64/lib/gcc/i686-linux-android/4.9.x]
  ignore line: [Found candidate GCC installation: /Users/qew/Library/Android/sdk/ndk-bundle/toolchains/llvm/prebuilt/darwin-x86_64/lib/gcc/x86_64-linux-android/4.9.x]
  ignore line: [Selected GCC installation: /Users/qew/Library/Android/sdk/ndk-bundle/toolchains/llvm/prebuilt/darwin-x86_64/lib/gcc/i686-linux-android/4.9.x]
  ignore line: [Candidate multilib: .]
  ignore line: [@m32]
  ignore line: [Selected multilib: .]
  ignore line: [@m32]
  link line: [ "/Users/qew/Library/Android/sdk/ndk-bundle/toolchains/llvm/prebuilt/darwin-x86_64/lib/gcc/i686-linux-android/4.9.x/../../../../i686-linux-android/bin/ld" --sysroot=/Users/qew/Library/Android/sdk/ndk-bundle/toolchains/llvm/prebuilt/darwin-x86_64/sysroot -pie --enable-new-dtags --eh-frame-hdr -m elf_i386 -dynamic-linker /system/bin/linker -o cmTC_6708b /Users/qew/Library/Android/sdk/ndk-bundle/toolchains/llvm/prebuilt/darwin-x86_64/sysroot/usr/lib/i686-linux-android/17/crtbegin_dynamic.o -L/Users/qew/Library/Android/sdk/ndk-bundle/toolchains/llvm/prebuilt/darwin-x86_64/lib64/clang/8.0.2/lib/linux/i386 -L/Users/qew/Library/Android/sdk/ndk-bundle/toolchains/llvm/prebuilt/darwin-x86_64/lib/gcc/i686-linux-android/4.9.x -L/Users/qew/Library/Android/sdk/ndk-bundle/toolchains/llvm/prebuilt/darwin-x86_64/sysroot/usr/lib/i686-linux-android/17 -L/Users/qew/Library/Android/sdk/ndk-bundle/toolchains/llvm/prebuilt/darwin-x86_64/sysroot/usr/lib/i686-linux-android -L/Users/qew/Library/Android/sdk/ndk-bundle/toolchains/llvm/prebuilt/darwin-x86_64/lib/gcc/i686-linux-android/4.9.x/../../../../i686-linux-android/lib -L/Users/qew/Library/Android/sdk/ndk-bundle/toolchains/llvm/prebuilt/darwin-x86_64/sysroot/usr/lib --exclude-libs libgcc.a --exclude-libs libatomic.a --build-id --warn-shared-textrel --fatal-warnings --no-undefined -z noexecstack -z relro -z now --gc-sections CMakeFiles/cmTC_6708b.dir/CMakeCXXCompilerABI.cpp.o -Bstatic -lc++ -Bdynamic -lm -lgcc -lgcc -ldl -lc -lgcc -lgcc -ldl /Users/qew/Library/Android/sdk/ndk-bundle/toolchains/llvm/prebuilt/darwin-x86_64/sysroot/usr/lib/i686-linux-android/17/crtend_android.o]
    arg [/Users/qew/Library/Android/sdk/ndk-bundle/toolchains/llvm/prebuilt/darwin-x86_64/lib/gcc/i686-linux-android/4.9.x/../../../../i686-linux-android/bin/ld] ==> ignore
    arg [--sysroot=/Users/qew/Library/Android/sdk/ndk-bundle/toolchains/llvm/prebuilt/darwin-x86_64/sysroot] ==> ignore
    arg [-pie] ==> ignore
    arg [--enable-new-dtags] ==> ignore
    arg [--eh-frame-hdr] ==> ignore
    arg [-m] ==> ignore
    arg [elf_i386] ==> ignore
    arg [-dynamic-linker] ==> ignore
    arg [/system/bin/linker] ==> ignore
    arg [-o] ==> ignore
    arg [cmTC_6708b] ==> ignore
    arg [/Users/qew/Library/Android/sdk/ndk-bundle/toolchains/llvm/prebuilt/darwin-x86_64/sysroot/usr/lib/i686-linux-android/17/crtbegin_dynamic.o] ==> ignore
    arg [-L/Users/qew/Library/Android/sdk/ndk-bundle/toolchains/llvm/prebuilt/darwin-x86_64/lib64/clang/8.0.2/lib/linux/i386] ==> dir [/Users/qew/Library/Android/sdk/ndk-bundle/toolchains/llvm/prebuilt/darwin-x86_64/lib64/clang/8.0.2/lib/linux/i386]
    arg [-L/Users/qew/Library/Android/sdk/ndk-bundle/toolchains/llvm/prebuilt/darwin-x86_64/lib/gcc/i686-linux-android/4.9.x] ==> dir [/Users/qew/Library/Android/sdk/ndk-bundle/toolchains/llvm/prebuilt/darwin-x86_64/lib/gcc/i686-linux-android/4.9.x]
    arg [-L/Users/qew/Library/Android/sdk/ndk-bundle/toolchains/llvm/prebuilt/darwin-x86_64/sysroot/usr/lib/i686-linux-android/17] ==> dir [/Users/qew/Library/Android/sdk/ndk-bundle/toolchains/llvm/prebuilt/darwin-x86_64/sysroot/usr/lib/i686-linux-android/17]
    arg [-L/Users/qew/Library/Android/sdk/ndk-bundle/toolchains/llvm/prebuilt/darwin-x86_64/sysroot/usr/lib/i686-linux-android] ==> dir [/Users/qew/Library/Android/sdk/ndk-bundle/toolchains/llvm/prebuilt/darwin-x86_64/sysroot/usr/lib/i686-linux-android]
    arg [-L/Users/qew/Library/Android/sdk/ndk-bundle/toolchains/llvm/prebuilt/darwin-x86_64/lib/gcc/i686-linux-android/4.9.x/../../../../i686-linux-android/lib] ==> dir [/Users/qew/Library/Android/sdk/ndk-bundle/toolchains/llvm/prebuilt/darwin-x86_64/lib/gcc/i686-linux-android/4.9.x/../../../../i686-linux-android/lib]
    arg [-L/Users/qew/Library/Android/sdk/ndk-bundle/toolchains/llvm/prebuilt/darwin-x86_64/sysroot/usr/lib] ==> dir [/Users/qew/Library/Android/sdk/ndk-bundle/toolchains/llvm/prebuilt/darwin-x86_64/sysroot/usr/lib]
    arg [--exclude-libs] ==> ignore
    arg [libgcc.a] ==> ignore
    arg [--exclude-libs] ==> ignore
    arg [libatomic.a] ==> ignore
    arg [--build-id] ==> ignore
    arg [--warn-shared-textrel] ==> ignore
    arg [--fatal-warnings] ==> ignore
    arg [--no-undefined] ==> ignore
    arg [-znoexecstack] ==> ignore
    arg [-zrelro] ==> ignore
    arg [-znow] ==> ignore
    arg [--gc-sections] ==> ignore
    arg [CMakeFiles/cmTC_6708b.dir/CMakeCXXCompilerABI.cpp.o] ==> ignore
    arg [-Bstatic] ==> ignore
    arg [-lc++] ==> lib [c++]
    arg [-Bdynamic] ==> ignore
    arg [-lm] ==> lib [m]
    arg [-lgcc] ==> lib [gcc]
    arg [-lgcc] ==> lib [gcc]
    arg [-ldl] ==> lib [dl]
    arg [-lc] ==> lib [c]
    arg [-lgcc] ==> lib [gcc]
    arg [-lgcc] ==> lib [gcc]
    arg [-ldl] ==> lib [dl]
    arg [/Users/qew/Library/Android/sdk/ndk-bundle/toolchains/llvm/prebuilt/darwin-x86_64/sysroot/usr/lib/i686-linux-android/17/crtend_android.o] ==> ignore
  collapse library dir [/Users/qew/Library/Android/sdk/ndk-bundle/toolchains/llvm/prebuilt/darwin-x86_64/lib64/clang/8.0.2/lib/linux/i386] ==> [/Users/qew/Library/Android/sdk/ndk-bundle/toolchains/llvm/prebuilt/darwin-x86_64/lib64/clang/8.0.2/lib/linux/i386]
  collapse library dir [/Users/qew/Library/Android/sdk/ndk-bundle/toolchains/llvm/prebuilt/darwin-x86_64/lib/gcc/i686-linux-android/4.9.x] ==> [/Users/qew/Library/Android/sdk/ndk-bundle/toolchains/llvm/prebuilt/darwin-x86_64/lib/gcc/i686-linux-android/4.9.x]
  collapse library dir [/Users/qew/Library/Android/sdk/ndk-bundle/toolchains/llvm/prebuilt/darwin-x86_64/sysroot/usr/lib/i686-linux-android/17] ==> [/Users/qew/Library/Android/sdk/ndk-bundle/toolchains/llvm/prebuilt/darwin-x86_64/sysroot/usr/lib/i686-linux-android/17]
  collapse library dir [/Users/qew/Library/Android/sdk/ndk-bundle/toolchains/llvm/prebuilt/darwin-x86_64/sysroot/usr/lib/i686-linux-android] ==> [/Users/qew/Library/Android/sdk/ndk-bundle/toolchains/llvm/prebuilt/darwin-x86_64/sysroot/usr/lib/i686-linux-android]
  collapse library dir [/Users/qew/Library/Android/sdk/ndk-bundle/toolchains/llvm/prebuilt/darwin-x86_64/lib/gcc/i686-linux-android/4.9.x/../../../../i686-linux-android/lib] ==> [/Users/qew/Library/Android/sdk/ndk-bundle/toolchains/llvm/prebuilt/darwin-x86_64/i686-linux-android/lib]
  collapse library dir [/Users/qew/Library/Android/sdk/ndk-bundle/toolchains/llvm/prebuilt/darwin-x86_64/sysroot/usr/lib] ==> [/Users/qew/Library/Android/sdk/ndk-bundle/toolchains/llvm/prebuilt/darwin-x86_64/sysroot/usr/lib]
  implicit libs: [c++;m;gcc;gcc;dl;c;gcc;gcc;dl]
  implicit dirs: [/Users/qew/Library/Android/sdk/ndk-bundle/toolchains/llvm/prebuilt/darwin-x86_64/lib64/clang/8.0.2/lib/linux/i386;/Users/qew/Library/Android/sdk/ndk-bundle/toolchains/llvm/prebuilt/darwin-x86_64/lib/gcc/i686-linux-android/4.9.x;/Users/qew/Library/Android/sdk/ndk-bundle/toolchains/llvm/prebuilt/darwin-x86_64/sysroot/usr/lib/i686-linux-android/17;/Users/qew/Library/Android/sdk/ndk-bundle/toolchains/llvm/prebuilt/darwin-x86_64/sysroot/usr/lib/i686-linux-android;/Users/qew/Library/Android/sdk/ndk-bundle/toolchains/llvm/prebuilt/darwin-x86_64/i686-linux-android/lib;/Users/qew/Library/Android/sdk/ndk-bundle/toolchains/llvm/prebuilt/darwin-x86_64/sysroot/usr/lib]
  implicit fwks: []




Detecting CXX [-std=c++1z] compiler features compiled with the following output:
Change Dir: /Users/qew/stable_app/android/app/.externalNativeBuild/cmake/release/x86/CMakeFiles/CMakeTmp

Run Build Command:"/Users/qew/Library/Android/sdk/cmake/3.10.2.4988404/bin/ninja" "cmTC_5ba36"
[1/2] Building CXX object CMakeFiles/cmTC_5ba36.dir/feature_tests.cxx.o
[2/2] Linking CXX executable cmTC_5ba36


    Feature record: CXX_FEATURE:1cxx_aggregate_default_initializers
    Feature record: CXX_FEATURE:1cxx_alias_templates
    Feature record: CXX_FEATURE:1cxx_alignas
    Feature record: CXX_FEATURE:1cxx_alignof
    Feature record: CXX_FEATURE:1cxx_attributes
    Feature record: CXX_FEATURE:1cxx_attribute_deprecated
    Feature record: CXX_FEATURE:1cxx_auto_type
    Feature record: CXX_FEATURE:1cxx_binary_literals
    Feature record: CXX_FEATURE:1cxx_constexpr
    Feature record: CXX_FEATURE:1cxx_contextual_conversions
    Feature record: CXX_FEATURE:1cxx_decltype
    Feature record: CXX_FEATURE:1cxx_decltype_auto
    Feature record: CXX_FEATURE:1cxx_decltype_incomplete_return_types
    Feature record: CXX_FEATURE:1cxx_default_function_template_args
    Feature record: CXX_FEATURE:1cxx_defaulted_functions
    Feature record: CXX_FEATURE:1cxx_defaulted_move_initializers
    Feature record: CXX_FEATURE:1cxx_delegating_constructors
    Feature record: CXX_FEATURE:1cxx_deleted_functions
    Feature record: CXX_FEATURE:1cxx_digit_separators
    Feature record: CXX_FEATURE:1cxx_enum_forward_declarations
    Feature record: CXX_FEATURE:1cxx_explicit_conversions
    Feature record: CXX_FEATURE:1cxx_extended_friend_declarations
    Feature record: CXX_FEATURE:1cxx_extern_templates
    Feature record: CXX_FEATURE:1cxx_final
    Feature record: CXX_FEATURE:1cxx_func_identifier
    Feature record: CXX_FEATURE:1cxx_generalized_initializers
    Feature record: CXX_FEATURE:1cxx_generic_lambdas
    Feature record: CXX_FEATURE:1cxx_inheriting_constructors
    Feature record: CXX_FEATURE:1cxx_inline_namespaces
    Feature record: CXX_FEATURE:1cxx_lambdas
    Feature record: CXX_FEATURE:1cxx_lambda_init_captures
    Feature record: CXX_FEATURE:1cxx_local_type_template_args
    Feature record: CXX_FEATURE:1cxx_long_long_type
    Feature record: CXX_FEATURE:1cxx_noexcept
    Feature record: CXX_FEATURE:1cxx_nonstatic_member_init
    Feature record: CXX_FEATURE:1cxx_nullptr
    Feature record: CXX_FEATURE:1cxx_override
    Feature record: CXX_FEATURE:1cxx_range_for
    Feature record: CXX_FEATURE:1cxx_raw_string_literals
    Feature record: CXX_FEATURE:1cxx_reference_qualified_functions
    Feature record: CXX_FEATURE:1cxx_relaxed_constexpr
    Feature record: CXX_FEATURE:1cxx_return_type_deduction
    Feature record: CXX_FEATURE:1cxx_right_angle_brackets
    Feature record: CXX_FEATURE:1cxx_rvalue_references
    Feature record: CXX_FEATURE:1cxx_sizeof_member
    Feature record: CXX_FEATURE:1cxx_static_assert
    Feature record: CXX_FEATURE:1cxx_strong_enums
    Feature record: CXX_FEATURE:1cxx_template_template_parameters
    Feature record: CXX_FEATURE:1cxx_thread_local
    Feature record: CXX_FEATURE:1cxx_trailing_return_types
    Feature record: CXX_FEATURE:1cxx_unicode_literals
    Feature record: CXX_FEATURE:1cxx_uniform_initialization
    Feature record: CXX_FEATURE:1cxx_unrestricted_unions
    Feature record: CXX_FEATURE:1cxx_user_literals
    Feature record: CXX_FEATURE:1cxx_variable_templates
    Feature record: CXX_FEATURE:1cxx_variadic_macros
    Feature record: CXX_FEATURE:1cxx_variadic_templates


Detecting CXX [-std=c++14] compiler features compiled with the following output:
Change Dir: /Users/qew/stable_app/android/app/.externalNativeBuild/cmake/release/x86/CMakeFiles/CMakeTmp

Run Build Command:"/Users/qew/Library/Android/sdk/cmake/3.10.2.4988404/bin/ninja" "cmTC_8e7af"
[1/2] Building CXX object CMakeFiles/cmTC_8e7af.dir/feature_tests.cxx.o
[2/2] Linking CXX executable cmTC_8e7af


    Feature record: CXX_FEATURE:1cxx_aggregate_default_initializers
    Feature record: CXX_FEATURE:1cxx_alias_templates
    Feature record: CXX_FEATURE:1cxx_alignas
    Feature record: CXX_FEATURE:1cxx_alignof
    Feature record: CXX_FEATURE:1cxx_attributes
    Feature record: CXX_FEATURE:1cxx_attribute_deprecated
    Feature record: CXX_FEATURE:1cxx_auto_type
    Feature record: CXX_FEATURE:1cxx_binary_literals
    Feature record: CXX_FEATURE:1cxx_constexpr
    Feature record: CXX_FEATURE:1cxx_contextual_conversions
    Feature record: CXX_FEATURE:1cxx_decltype
    Feature record: CXX_FEATURE:1cxx_decltype_auto
    Feature record: CXX_FEATURE:1cxx_decltype_incomplete_return_types
    Feature record: CXX_FEATURE:1cxx_default_function_template_args
    Feature record: CXX_FEATURE:1cxx_defaulted_functions
    Feature record: CXX_FEATURE:1cxx_defaulted_move_initializers
    Feature record: CXX_FEATURE:1cxx_delegating_constructors
    Feature record: CXX_FEATURE:1cxx_deleted_functions
    Feature record: CXX_FEATURE:1cxx_digit_separators
    Feature record: CXX_FEATURE:1cxx_enum_forward_declarations
    Feature record: CXX_FEATURE:1cxx_explicit_conversions
    Feature record: CXX_FEATURE:1cxx_extended_friend_declarations
    Feature record: CXX_FEATURE:1cxx_extern_templates
    Feature record: CXX_FEATURE:1cxx_final
    Feature record: CXX_FEATURE:1cxx_func_identifier
    Feature record: CXX_FEATURE:1cxx_generalized_initializers
    Feature record: CXX_FEATURE:1cxx_generic_lambdas
    Feature record: CXX_FEATURE:1cxx_inheriting_constructors
    Feature record: CXX_FEATURE:1cxx_inline_namespaces
    Feature record: CXX_FEATURE:1cxx_lambdas
    Feature record: CXX_FEATURE:1cxx_lambda_init_captures
    Feature record: CXX_FEATURE:1cxx_local_type_template_args
    Feature record: CXX_FEATURE:1cxx_long_long_type
    Feature record: CXX_FEATURE:1cxx_noexcept
    Feature record: CXX_FEATURE:1cxx_nonstatic_member_init
    Feature record: CXX_FEATURE:1cxx_nullptr
    Feature record: CXX_FEATURE:1cxx_override
    Feature record: CXX_FEATURE:1cxx_range_for
    Feature record: CXX_FEATURE:1cxx_raw_string_literals
    Feature record: CXX_FEATURE:1cxx_reference_qualified_functions
    Feature record: CXX_FEATURE:1cxx_relaxed_constexpr
    Feature record: CXX_FEATURE:1cxx_return_type_deduction
    Feature record: CXX_FEATURE:1cxx_right_angle_brackets
    Feature record: CXX_FEATURE:1cxx_rvalue_references
    Feature record: CXX_FEATURE:1cxx_sizeof_member
    Feature record: CXX_FEATURE:1cxx_static_assert
    Feature record: CXX_FEATURE:1cxx_strong_enums
    Feature record: CXX_FEATURE:1cxx_template_template_parameters
    Feature record: CXX_FEATURE:1cxx_thread_local
    Feature record: CXX_FEATURE:1cxx_trailing_return_types
    Feature record: CXX_FEATURE:1cxx_unicode_literals
    Feature record: CXX_FEATURE:1cxx_uniform_initialization
    Feature record: CXX_FEATURE:1cxx_unrestricted_unions
    Feature record: CXX_FEATURE:1cxx_user_literals
    Feature record: CXX_FEATURE:1cxx_variable_templates
    Feature record: CXX_FEATURE:1cxx_variadic_macros
    Feature record: CXX_FEATURE:1cxx_variadic_templates


Detecting CXX [-std=c++11] compiler features compiled with the following output:
Change Dir: /Users/qew/stable_app/android/app/.externalNativeBuild/cmake/release/x86/CMakeFiles/CMakeTmp

Run Build Command:"/Users/qew/Library/Android/sdk/cmake/3.10.2.4988404/bin/ninja" "cmTC_5d710"
[1/2] Building CXX object CMakeFiles/cmTC_5d710.dir/feature_tests.cxx.o
[2/2] Linking CXX executable cmTC_5d710


    Feature record: CXX_FEATURE:0cxx_aggregate_default_initializers
    Feature record: CXX_FEATURE:1cxx_alias_templates
    Feature record: CXX_FEATURE:1cxx_alignas
    Feature record: CXX_FEATURE:1cxx_alignof
    Feature record: CXX_FEATURE:1cxx_attributes
    Feature record: CXX_FEATURE:0cxx_attribute_deprecated
    Feature record: CXX_FEATURE:1cxx_auto_type
    Feature record: CXX_FEATURE:0cxx_binary_literals
    Feature record: CXX_FEATURE:1cxx_constexpr
    Feature record: CXX_FEATURE:0cxx_contextual_conversions
    Feature record: CXX_FEATURE:1cxx_decltype
    Feature record: CXX_FEATURE:0cxx_decltype_auto
    Feature record: CXX_FEATURE:1cxx_decltype_incomplete_return_types
    Feature record: CXX_FEATURE:1cxx_default_function_template_args
    Feature record: CXX_FEATURE:1cxx_defaulted_functions
    Feature record: CXX_FEATURE:1cxx_defaulted_move_initializers
    Feature record: CXX_FEATURE:1cxx_delegating_constructors
    Feature record: CXX_FEATURE:1cxx_deleted_functions
    Feature record: CXX_FEATURE:0cxx_digit_separators
    Feature record: CXX_FEATURE:1cxx_enum_forward_declarations
    Feature record: CXX_FEATURE:1cxx_explicit_conversions
    Feature record: CXX_FEATURE:1cxx_extended_friend_declarations
    Feature record: CXX_FEATURE:1cxx_extern_templates
    Feature record: CXX_FEATURE:1cxx_final
    Feature record: CXX_FEATURE:1cxx_func_identifier
    Feature record: CXX_FEATURE:1cxx_generalized_initializers
    Feature record: CXX_FEATURE:0cxx_generic_lambdas
    Feature record: CXX_FEATURE:1cxx_inheriting_constructors
    Feature record: CXX_FEATURE:1cxx_inline_namespaces
    Feature record: CXX_FEATURE:1cxx_lambdas
    Feature record: CXX_FEATURE:0cxx_lambda_init_captures
    Feature record: CXX_FEATURE:1cxx_local_type_template_args
    Feature record: CXX_FEATURE:1cxx_long_long_type
    Feature record: CXX_FEATURE:1cxx_noexcept
    Feature record: CXX_FEATURE:1cxx_nonstatic_member_init
    Feature record: CXX_FEATURE:1cxx_nullptr
    Feature record: CXX_FEATURE:1cxx_override
    Feature record: CXX_FEATURE:1cxx_range_for
    Feature record: CXX_FEATURE:1cxx_raw_string_literals
    Feature record: CXX_FEATURE:1cxx_reference_qualified_functions
    Feature record: CXX_FEATURE:0cxx_relaxed_constexpr
    Feature record: CXX_FEATURE:0cxx_return_type_deduction
    Feature record: CXX_FEATURE:1cxx_right_angle_brackets
    Feature record: CXX_FEATURE:1cxx_rvalue_references
    Feature record: CXX_FEATURE:1cxx_sizeof_member
    Feature record: CXX_FEATURE:1cxx_static_assert
    Feature record: CXX_FEATURE:1cxx_strong_enums
    Feature record: CXX_FEATURE:1cxx_template_template_parameters
    Feature record: CXX_FEATURE:1cxx_thread_local
    Feature record: CXX_FEATURE:1cxx_trailing_return_types
    Feature record: CXX_FEATURE:1cxx_unicode_literals
    Feature record: CXX_FEATURE:1cxx_uniform_initialization
    Feature record: CXX_FEATURE:1cxx_unrestricted_unions
    Feature record: CXX_FEATURE:1cxx_user_literals
    Feature record: CXX_FEATURE:0cxx_variable_templates
    Feature record: CXX_FEATURE:1cxx_variadic_macros
    Feature record: CXX_FEATURE:1cxx_variadic_templates


Detecting CXX [-std=c++98] compiler features compiled with the following output:
Change Dir: /Users/qew/stable_app/android/app/.externalNativeBuild/cmake/release/x86/CMakeFiles/CMakeTmp

Run Build Command:"/Users/qew/Library/Android/sdk/cmake/3.10.2.4988404/bin/ninja" "cmTC_51d24"
[1/2] Building CXX object CMakeFiles/cmTC_51d24.dir/feature_tests.cxx.o
[2/2] Linking CXX executable cmTC_51d24


    Feature record: CXX_FEATURE:0cxx_aggregate_default_initializers
    Feature record: CXX_FEATURE:0cxx_alias_templates
    Feature record: CXX_FEATURE:0cxx_alignas
    Feature record: CXX_FEATURE:0cxx_alignof
    Feature record: CXX_FEATURE:0cxx_attributes
    Feature record: CXX_FEATURE:0cxx_attribute_deprecated
    Feature record: CXX_FEATURE:0cxx_auto_type
    Feature record: CXX_FEATURE:0cxx_binary_literals
    Feature record: CXX_FEATURE:0cxx_constexpr
    Feature record: CXX_FEATURE:0cxx_contextual_conversions
    Feature record: CXX_FEATURE:0cxx_decltype
    Feature record: CXX_FEATURE:0cxx_decltype_auto
    Feature record: CXX_FEATURE:0cxx_decltype_incomplete_return_types
    Feature record: CXX_FEATURE:0cxx_default_function_template_args
    Feature record: CXX_FEATURE:0cxx_defaulted_functions
    Feature record: CXX_FEATURE:0cxx_defaulted_move_initializers
    Feature record: CXX_FEATURE:0cxx_delegating_constructors
    Feature record: CXX_FEATURE:0cxx_deleted_functions
    Feature record: CXX_FEATURE:0cxx_digit_separators
    Feature record: CXX_FEATURE:0cxx_enum_forward_declarations
    Feature record: CXX_FEATURE:0cxx_explicit_conversions
    Feature record: CXX_FEATURE:0cxx_extended_friend_declarations
    Feature record: CXX_FEATURE:0cxx_extern_templates
    Feature record: CXX_FEATURE:0cxx_final
    Feature record: CXX_FEATURE:0cxx_func_identifier
    Feature record: CXX_FEATURE:0cxx_generalized_initializers
    Feature record: CXX_FEATURE:0cxx_generic_lambdas
    Feature record: CXX_FEATURE:0cxx_inheriting_constructors
    Feature record: CXX_FEATURE:0cxx_inline_namespaces
    Feature record: CXX_FEATURE:0cxx_lambdas
    Feature record: CXX_FEATURE:0cxx_lambda_init_captures
    Feature record: CXX_FEATURE:0cxx_local_type_template_args
    Feature record: CXX_FEATURE:0cxx_long_long_type
    Feature record: CXX_FEATURE:0cxx_noexcept
    Feature record: CXX_FEATURE:0cxx_nonstatic_member_init
    Feature record: CXX_FEATURE:0cxx_nullptr
    Feature record: CXX_FEATURE:0cxx_override
    Feature record: CXX_FEATURE:0cxx_range_for
    Feature record: CXX_FEATURE:0cxx_raw_string_literals
    Feature record: CXX_FEATURE:0cxx_reference_qualified_functions
    Feature record: CXX_FEATURE:0cxx_relaxed_constexpr
    Feature record: CXX_FEATURE:0cxx_return_type_deduction
    Feature record: CXX_FEATURE:0cxx_right_angle_brackets
    Feature record: CXX_FEATURE:0cxx_rvalue_references
    Feature record: CXX_FEATURE:0cxx_sizeof_member
    Feature record: CXX_FEATURE:0cxx_static_assert
    Feature record: CXX_FEATURE:0cxx_strong_enums
    Feature record: CXX_FEATURE:1cxx_template_template_parameters
    Feature record: CXX_FEATURE:0cxx_thread_local
    Feature record: CXX_FEATURE:0cxx_trailing_return_types
    Feature record: CXX_FEATURE:0cxx_unicode_literals
    Feature record: CXX_FEATURE:0cxx_uniform_initialization
    Feature record: CXX_FEATURE:0cxx_unrestricted_unions
    Feature record: CXX_FEATURE:0cxx_user_literals
    Feature record: CXX_FEATURE:0cxx_variable_templates
    Feature record: CXX_FEATURE:0cxx_variadic_macros
    Feature record: CXX_FEATURE:0cxx_variadic_templates
